2026-05-20 09:53:39 [INFO] Приложение запущено
2026-05-20 09:54:33 [INFO] Приложение запущено
2026-05-20 09:55:05 [INFO] Приложение запущено
2026-05-20 10:00:22 [INFO] Приложение запущено
2026-05-20 10:00:34 [INFO] Приложение запущено
2026-05-20 10:12:17 [INFO] Приложение запущено
2026-05-20 10:12:17 [INFO] Вкладка Атаки инициализирована
2026-05-20 10:12:33 [INFO] Приложение запущено
2026-05-20 10:12:33 [INFO] Вкладка Атаки инициализирована
2026-05-20 10:12:44 [INFO] Приложение запущено
2026-05-20 10:12:44 [INFO] Вкладка Атаки инициализирована
2026-05-20 10:16:18 [INFO] Приложение запущено
2026-05-20 10:16:19 [INFO] Вкладка Атаки инициализирована
2026-05-20 10:16:30 [INFO] Приложение запущено
2026-05-20 10:16:31 [INFO] Вкладка Атаки инициализирована
2026-05-20 10:19:06 [INFO] Приложение запущено
2026-05-20 10:19:06 [INFO] Вкладка Атаки инициализирована
2026-05-20 10:19:06 [INFO] Вкладка Разведки инициализирована
2026-05-20 10:19:06 [INFO] Вкладка Ботнет инициализирована
2026-05-20 10:19:28 [INFO] Разведка запущена для https://newvanna.ru/
2026-05-20 10:21:48 [INFO] Разведка завершена для https://newvanna.ru/
2026-05-20 10:24:46 [INFO] Приложение завершает работу
2026-05-20 10:30:53 [INFO] Приложение запущено
2026-05-20 10:30:53 [INFO] Вкладка Атаки инициализирована
2026-05-20 10:30:53 [INFO] Вкладка Разведки инициализирована
2026-05-20 10:30:53 [INFO] Вкладка Ботнет инициализирована
2026-05-20 10:31:06 [INFO] Разведка: https://newvanna.ru/
2026-05-20 10:36:35 [INFO] Разведка завершена: https://newvanna.ru/
2026-05-20 10:51:00 [INFO] Приложение завершает работу
2026-05-20 11:06:39 [INFO] Приложение запущено
2026-05-20 11:06:39 [INFO] Вкладка Атаки инициализирована
2026-05-20 11:06:39 [INFO] Вкладка Разведки инициализирована
2026-05-20 11:06:40 [INFO] Вкладка Ботнет инициализирована
2026-05-20 11:07:13 [INFO] Приложение завершает работу
2026-05-20 11:15:56 [INFO] Приложение запущено
2026-05-20 11:16:08 [INFO] Приложение запущено
2026-05-20 11:32:26 [INFO] Приложение запущено
2026-05-20 11:32:37 [INFO] Приложение запущено
2026-05-20 11:42:15 [INFO] Приложение запущено
2026-05-20 11:42:15 [INFO] Вкладка Атаки v2.0 инициализирована
2026-05-20 11:42:15 [INFO] Вкладка Разведки инициализирована
2026-05-20 11:42:15 [INFO] Вкладка Ботнет инициализирована
2026-05-20 11:43:09 [INFO] Приложение завершает работу
2026-05-20 11:59:07 [INFO] Приложение запущено
2026-05-20 11:59:07 [INFO] Вкладка Атаки v2.0 инициализирована
2026-05-20 11:59:07 [INFO] Вкладка Разведки инициализирована
2026-05-20 11:59:07 [INFO] Вкладка Ботнет инициализирована
2026-05-20 12:04:19 [INFO] Сбор прокси запущен
2026-05-20 12:14:44 [INFO] Приложение запущено
2026-05-20 12:14:45 [INFO] Вкладка Атаки v2.0 инициализирована
2026-05-20 12:14:45 [INFO] Вкладка Разведки инициализирована
2026-05-20 12:14:45 [INFO] Вкладка Ботнет инициализирована
2026-05-20 12:14:55 [INFO] Сбор прокси запущен
2026-05-20 12:18:29 [INFO] Разведка: https://newvanna.ru/
2026-05-20 12:18:51 [INFO] Разведка завершена: https://newvanna.ru/
2026-05-20 12:25:50 [INFO] Приложение завершает работу
2026-05-20 12:27:25 [INFO] Сбор прокси запущен
2026-05-20 12:30:31 [INFO] Приложение завершает работу
2026-05-20 12:30:39 [INFO] Приложение запущено
2026-05-20 12:30:40 [INFO] Вкладка Атаки v2.1 инициализирована
2026-05-20 12:30:40 [INFO] Вкладка Разведки инициализирована
2026-05-20 12:30:40 [INFO] Вкладка Ботнет инициализирована
2026-05-20 12:31:37 [INFO] Приложение завершает работу
2026-05-20 12:32:14 [INFO] Приложение запущено
2026-05-20 12:32:15 [INFO] Вкладка Атаки v2.1 инициализирована
2026-05-20 12:32:15 [INFO] Вкладка Разведки инициализирована
2026-05-20 12:32:15 [INFO] Вкладка Ботнет инициализирована
2026-05-20 12:32:47 [INFO] Приложение завершает работу
2026-05-20 12:38:26 [INFO] Приложение запущено
2026-05-20 12:38:27 [INFO] Вкладка Атаки v2.2 инициализирована
2026-05-20 12:38:27 [INFO] Вкладка Разведки инициализирована
2026-05-20 12:38:27 [INFO] Вкладка Ботнет инициализирована
2026-05-20 12:38:43 [ERROR] Ошибка при запуске атаки: unknown option "-foreground"
2026-05-20 12:44:15 [INFO] Приложение запущено
2026-05-20 12:44:16 [INFO] Вкладка Атаки v2.3 инициализирована
2026-05-20 12:44:16 [INFO] Вкладка Разведки инициализирована
2026-05-20 12:44:16 [INFO] Вкладка Ботнет инициализирована
2026-05-20 12:44:28 [INFO] Атака: newvanna.ru метод CFBUAM потоков 200
2026-05-20 12:45:53 [WARNING] Атака остановлена пользователем
2026-05-20 12:45:53 [INFO] Атака сохранена в историю: newvanna.ru
2026-05-20 12:46:08 [INFO] Атака: newvanna.ru метод CFBUAM потоков 100
2026-05-20 12:46:16 [WARNING] Атака остановлена пользователем
2026-05-20 12:46:16 [INFO] Атака сохранена в историю: newvanna.ru
2026-05-20 12:48:53 [INFO] Приложение завершает работу
2026-05-20 12:54:28 [INFO] Приложение завершает работу
2026-05-20 12:54:44 [INFO] Приложение запущено
2026-05-20 12:54:45 [INFO] Вкладка Атаки v2.4 инициализирована
2026-05-20 12:54:45 [INFO] Вкладка Разведки инициализирована
2026-05-20 12:54:45 [INFO] Вкладка Ботнет инициализирована
2026-05-20 12:54:58 [INFO] Атака: newvanna.ru метод CFBUAM потоков 200
2026-05-20 12:55:05 [WARNING] Атака остановлена пользователем
2026-05-20 12:55:05 [INFO] Атака сохранена в историю: newvanna.ru
2026-05-20 12:55:26 [INFO] Атака: https://newvanna.ru/ метод CFBUAM потоков 200
2026-05-20 12:55:36 [WARNING] Атака остановлена пользователем
2026-05-20 12:55:37 [INFO] Атака сохранена в историю: https://newvanna.ru/
2026-05-20 12:55:50 [INFO] Атака: https://newvanna.ru/ метод CFB потоков 200
2026-05-20 12:56:07 [WARNING] Атака остановлена пользователем
2026-05-20 12:56:08 [INFO] Атака сохранена в историю: https://newvanna.ru/
2026-05-20 12:56:13 [INFO] Приложение завершает работу
2026-05-20 13:01:08 [INFO] Приложение запущено
2026-05-20 13:01:09 [INFO] Вкладка Атаки v2.4 инициализирована
2026-05-20 13:01:09 [INFO] Вкладка Разведки инициализирована
2026-05-20 13:01:09 [INFO] Вкладка Ботнет инициализирована
2026-05-20 13:01:23 [INFO] Атака: https://newvanna.ru/ метод CFBUAM потоков 200
2026-05-20 13:02:28 [WARNING] Атака остановлена пользователем
2026-05-20 13:02:28 [INFO] Атака сохранена в историю: https://newvanna.ru/
2026-05-20 13:25:40 [INFO] Приложение завершает работу
2026-05-20 13:26:04 [INFO] Приложение запущено
2026-05-20 13:26:04 [INFO] Вкладка Атаки v2.4 инициализирована
2026-05-20 13:26:05 [INFO] Вкладка Разведки инициализирована
2026-05-20 13:26:05 [INFO] Вкладка Ботнет инициализирована
2026-05-20 13:26:18 [INFO] Атака: https://newvanna.ru/ метод CFBUAM потоков 200
2026-05-20 13:26:36 [WARNING] Атака остановлена пользователем
2026-05-20 13:26:37 [INFO] Атака сохранена в историю: https://newvanna.ru/
2026-05-20 13:27:09 [INFO] Сбор прокси запущен
2026-05-20 13:31:48 [INFO] Атака: https://newvanna.ru/ метод CFBUAM потоков 200
2026-05-20 13:32:00 [WARNING] Атака остановлена пользователем
2026-05-20 13:32:01 [INFO] Атака сохранена в историю: https://newvanna.ru/
2026-05-20 13:32:01 [INFO] Приложение завершает работу
2026-05-20 13:40:12 [INFO] Приложение запущено
2026-05-20 13:40:13 [INFO] Вкладка Атаки v2.4 инициализирована
2026-05-20 13:40:13 [INFO] Вкладка Разведки инициализирована
2026-05-20 13:40:13 [INFO] Вкладка Ботнет инициализирована
2026-05-20 13:40:25 [INFO] Атака: https://newvanna.ru/ метод CFBUAM потоков 200
2026-05-20 13:40:43 [WARNING] Атака остановлена пользователем
2026-05-20 13:40:44 [INFO] Атака сохранена в историю: https://newvanna.ru/
2026-05-20 13:40:48 [INFO] Атака: https://newvanna.ru/ метод CFBUAM потоков 100
2026-05-20 13:41:03 [WARNING] Атака остановлена пользователем
2026-05-20 13:41:03 [INFO] Атака сохранена в историю: https://newvanna.ru/
2026-05-20 13:41:16 [INFO] Атака: https://newvanna.ru/ метод GET потоков 100
2026-05-20 13:41:26 [WARNING] Атака остановлена пользователем
2026-05-20 13:41:26 [INFO] Атака сохранена в историю: https://newvanna.ru/
2026-05-20 13:41:30 [INFO] Приложение завершает работу
2026-05-20 13:47:41 [INFO] Приложение запущено
2026-05-20 13:47:41 [INFO] Вкладка Атаки v2.4 инициализирована
2026-05-20 13:47:41 [INFO] Вкладка Разведки инициализирована
2026-05-20 13:47:41 [INFO] Вкладка Ботнет инициализирована
2026-05-20 13:47:48 [INFO] Атака: https://newvanna.ru/ метод CFBUAM потоков 200
2026-05-20 13:48:05 [WARNING] Атака остановлена пользователем
2026-05-20 13:48:06 [INFO] Атака сохранена в историю: https://newvanna.ru/
2026-05-20 13:48:28 [INFO] Приложение запущено
2026-05-20 13:48:28 [INFO] Вкладка Атаки v2.4 инициализирована
2026-05-20 13:48:28 [INFO] Вкладка Разведки инициализирована
2026-05-20 13:48:28 [INFO] Вкладка Ботнет инициализирована
2026-05-20 13:48:35 [INFO] Атака: https://newvanna.ru/ метод POST потоков 100
2026-05-20 13:48:42 [WARNING] Атака остановлена пользователем
2026-05-20 13:48:42 [INFO] Атака сохранена в историю: https://newvanna.ru/
2026-05-20 13:54:38 [INFO] Приложение запущено
2026-05-20 13:54:38 [INFO] Вкладка Атаки v2.4 инициализирована
2026-05-20 13:54:38 [INFO] Вкладка Разведки инициализирована
2026-05-20 13:54:38 [INFO] Вкладка Ботнет инициализирована
2026-05-20 13:54:46 [INFO] Атака: https://newvanna.ru/ метод CFBUAM потоков 200
2026-05-20 13:55:05 [WARNING] Атака остановлена пользователем
2026-05-20 13:55:05 [INFO] Атака сохранена в историю: https://newvanna.ru/
2026-05-20 14:03:54 [INFO] Приложение завершает работу
2026-05-20 14:04:16 [INFO] Приложение запущено
2026-05-20 14:04:16 [INFO] Вкладка Атаки v2.6 инициализирована
2026-05-20 14:04:16 [INFO] Вкладка Разведки инициализирована
2026-05-20 14:04:16 [INFO] Вкладка Ботнет инициализирована
2026-05-20 14:04:28 [INFO] Атака: https://newvanna.ru/ метод UDP потоков 200
2026-05-20 14:10:58 [WARNING] Атака остановлена пользователем
2026-05-20 14:10:59 [INFO] Атака сохранена в историю: https://newvanna.ru/
2026-05-20 14:11:08 [INFO] Атака: https://newvanna.ru/ метод UDP потоков 600
2026-05-20 14:11:40 [WARNING] Атака остановлена пользователем
2026-05-20 14:11:40 [INFO] Атака сохранена в историю: https://newvanna.ru/
2026-05-20 14:11:46 [INFO] Атака: https://newvanna.ru/ метод UDP потоков 600
2026-05-20 14:12:39 [WARNING] Атака остановлена пользователем
2026-05-20 14:12:44 [INFO] Атака сохранена в историю: https://newvanna.ru/
2026-05-20 14:12:46 [INFO] Сбор прокси запущен
2026-05-20 14:15:53 [INFO] Атака: https://newvanna.ru/ метод BOT потоков 600
2026-05-20 14:16:20 [WARNING] Атака остановлена пользователем
2026-05-20 14:16:20 [INFO] Атака сохранена в историю: https://newvanna.ru/
2026-05-20 14:16:27 [INFO] Атака: https://newvanna.ru/ метод BOT потоков 200
2026-05-20 14:17:07 [WARNING] Атака остановлена пользователем
2026-05-20 14:17:07 [INFO] Атака сохранена в историю: https://newvanna.ru/
2026-05-20 14:23:15 [INFO] Атака: https://newvanna.ru/ метод GET потоков 200
2026-05-20 14:23:23 [WARNING] Атака остановлена пользователем
2026-05-20 14:23:24 [INFO] Атака сохранена в историю: https://newvanna.ru/
2026-05-20 14:23:28 [INFO] Атака: newvanna.ru/ метод GET потоков 200
2026-05-20 14:23:40 [WARNING] Атака остановлена пользователем
2026-05-20 14:23:40 [INFO] Атака сохранена в историю: newvanna.ru/
2026-05-20 14:23:41 [INFO] Атака: newvanna.ru/ метод GET потоков 200
2026-05-20 14:24:10 [WARNING] Атака остановлена пользователем
2026-05-20 14:26:12 [INFO] Приложение завершает работу
2026-05-20 14:26:42 [INFO] Приложение запущено
2026-05-20 14:26:43 [INFO] Вкладка Атаки v2.6 инициализирована
2026-05-20 14:26:43 [INFO] Вкладка Разведки инициализирована
2026-05-20 14:26:43 [INFO] Вкладка Ботнет инициализирована
2026-05-20 14:27:23 [ERROR] Ошибка при запуске атаки: AsyncAttackEngine.__init__() got an unexpected keyword argument 'ignore_ssl'
2026-05-20 14:29:12 [INFO] Сбор прокси запущен
2026-05-20 14:32:13 [ERROR] Ошибка при запуске атаки: AsyncAttackEngine.__init__() got an unexpected keyword argument 'ignore_ssl'
2026-05-20 14:32:24 [INFO] Приложение завершает работу
2026-05-20 14:35:15 [INFO] Приложение запущено
2026-05-20 14:36:23 [INFO] Приложение запущено
2026-05-20 15:00:36 [INFO] Приложение запущено
2026-05-20 15:00:36 [INFO] Вкладка Атаки инициализирована
2026-05-20 15:00:37 [INFO] Вкладка Разведки инициализирована
2026-05-20 15:00:37 [INFO] Вкладка Ботнет инициализирована
2026-05-20 15:01:00 [INFO] Атака: newvanna.ru/ метод BOT потоков 200
2026-05-20 15:01:29 [WARNING] Атака остановлена пользователем
2026-05-20 15:01:29 [INFO] Атака сохранена в историю: newvanna.ru/
2026-05-20 15:01:36 [INFO] Атака: newvanna.ru/ метод BOT потоков 200
2026-05-20 15:01:44 [WARNING] Атака остановлена пользователем
2026-05-20 15:01:44 [INFO] Атака сохранена в историю: newvanna.ru/
2026-05-20 15:01:49 [INFO] Атака: newvanna.ru/ метод GET потоков 200
2026-05-20 15:01:56 [WARNING] Атака остановлена пользователем
2026-05-20 15:01:56 [INFO] Атака сохранена в историю: newvanna.ru/
2026-05-20 15:02:04 [INFO] Приложение завершает работу
2026-05-20 15:04:11 [INFO] Приложение запущено
2026-05-20 15:04:12 [INFO] Вкладка Атаки инициализирована
2026-05-20 15:04:12 [INFO] Вкладка Разведки инициализирована
2026-05-20 15:04:12 [INFO] Вкладка Ботнет инициализирована
2026-05-20 15:04:18 [INFO] Приложение завершает работу
2026-05-20 15:06:36 [INFO] Приложение запущено
2026-05-20 15:06:37 [INFO] Вкладка Атаки инициализирована
2026-05-20 15:06:37 [INFO] Вкладка Разведки инициализирована
2026-05-20 15:06:37 [INFO] Вкладка Ботнет инициализирована
2026-05-20 15:06:46 [INFO] Сбор прокси запущен
2026-05-20 15:11:12 [INFO] Приложение завершает работу
2026-05-20 15:20:54 [INFO] Приложение запущено
2026-05-20 15:20:54 [INFO] Вкладка Атаки инициализирована
2026-05-20 15:20:54 [INFO] Вкладка Разведки инициализирована
2026-05-20 15:20:54 [INFO] Вкладка Ботнет инициализирована
2026-05-20 15:21:05 [INFO] Сбор прокси запущен
2026-05-20 15:23:33 [INFO] Сбор прокси запущен
2026-05-20 15:27:43 [INFO] Приложение запущено
2026-05-20 15:27:43 [INFO] Вкладка Атаки инициализирована
2026-05-20 15:27:43 [INFO] Вкладка Разведки инициализирована
2026-05-20 15:27:43 [INFO] Вкладка Ботнет инициализирована
2026-05-20 15:27:55 [INFO] Сбор прокси запущен
2026-05-20 16:36:21 [INFO] Приложение завершает работу
2026-05-20 16:42:19 [INFO] Приложение запущено
2026-05-20 16:42:19 [INFO] Вкладка Атаки инициализирована
2026-05-20 16:42:19 [INFO] Вкладка Разведки инициализирована
2026-05-20 16:42:19 [INFO] Вкладка Ботнет инициализирована
2026-05-20 16:42:20 [INFO] Приложение завершает работу
2026-05-20 16:42:23 [INFO] Приложение завершает работу
2026-05-20 16:42:31 [INFO] Приложение запущено
2026-05-20 16:42:32 [INFO] Вкладка Атаки инициализирована
2026-05-20 16:42:32 [INFO] Вкладка Разведки инициализирована
2026-05-20 16:42:32 [INFO] Вкладка Ботнет инициализирована
2026-05-20 16:44:05 [INFO] Сбор прокси запущен
2026-05-20 16:54:31 [INFO] Приложение запущено
2026-05-20 16:54:32 [INFO] Вкладка Атаки инициализирована
2026-05-20 16:54:32 [INFO] Вкладка Разведки инициализирована
2026-05-20 16:54:41 [INFO] Приложение запущено
2026-05-20 16:54:41 [INFO] Вкладка Атаки инициализирована
2026-05-20 16:54:41 [INFO] Вкладка Разведки инициализирована
2026-05-20 16:55:07 [INFO] Приложение запущено
2026-05-20 16:55:08 [INFO] Вкладка Атаки инициализирована
2026-05-20 16:55:08 [INFO] Вкладка Разведки инициализирована
2026-05-20 16:59:58 [INFO] Приложение запущено
2026-05-20 16:59:59 [INFO] Вкладка Атаки инициализирована
2026-05-20 16:59:59 [INFO] Вкладка Разведки инициализирована
2026-05-20 16:59:59 [INFO] Вкладка Ботнет v2.0 инициализирована
2026-05-20 17:04:00 [INFO] Приложение завершает работу
2026-05-20 19:10:26 [INFO] Приложение запущено
2026-05-20 19:10:27 [INFO] Вкладка Атаки инициализирована
2026-05-20 19:10:27 [INFO] Вкладка Разведки инициализирована
2026-05-20 19:10:27 [INFO] Вкладка Ботнет v3.0 инициализирована
2026-05-20 19:28:49 [INFO] Приложение завершает работу
2026-05-20 19:29:31 [INFO] Приложение запущено
2026-05-20 19:29:31 [INFO] Вкладка Атаки инициализирована
2026-05-20 19:29:31 [INFO] Вкладка Разведки инициализирована
2026-05-20 19:29:31 [INFO] Ботнет v3.0 инициализирован
2026-05-20 22:08:36 [INFO] Приложение завершает работу
2026-05-20 22:08:49 [INFO] Приложение запущено
2026-05-20 22:08:50 [INFO] Вкладка Атаки инициализирована
2026-05-20 22:08:50 [INFO] Вкладка Разведки инициализирована
2026-05-20 22:08:50 [INFO] Ботнет v4.0 инициализирован
2026-05-20 22:53:24 [INFO] Приложение завершает работу
2026-05-20 22:53:34 [INFO] Приложение запущено
2026-05-20 22:53:35 [INFO] Вкладка Атаки инициализирована
2026-05-20 22:53:35 [INFO] Вкладка Разведки инициализирована
2026-05-20 22:54:07 [INFO] Приложение запущено
2026-05-20 22:54:07 [INFO] Вкладка Атаки инициализирована
2026-05-20 22:54:07 [INFO] Вкладка Разведки инициализирована
2026-05-20 22:57:49 [INFO] Приложение запущено
2026-05-20 22:57:49 [INFO] Вкладка Атаки инициализирована
2026-05-20 22:57:49 [INFO] Вкладка Разведки инициализирована
2026-05-20 22:57:49 [INFO] Ботнет v4.2 инициализирован
2026-05-20 23:26:04 [INFO] Приложение запущено
2026-05-20 23:26:04 [INFO] Вкладка Атаки инициализирована
2026-05-20 23:26:04 [INFO] Вкладка Разведки инициализирована
2026-05-20 23:26:41 [INFO] Приложение запущено
2026-05-20 23:26:41 [INFO] Вкладка Атаки инициализирована
2026-05-20 23:26:41 [INFO] Вкладка Разведки инициализирована
2026-05-20 23:31:08 [INFO] Приложение запущено
2026-05-20 23:31:09 [INFO] Вкладка Атаки инициализирована
2026-05-20 23:31:09 [INFO] Вкладка Разведки инициализирована
2026-05-20 23:31:09 [INFO] Ботнет v4.3 инициализирован
2026-05-20 23:37:19 [INFO] Приложение завершает работу
2026-05-20 23:37:49 [INFO] Приложение запущено
2026-05-20 23:37:49 [INFO] Вкладка Атаки инициализирована
2026-05-20 23:37:49 [INFO] Вкладка Разведки инициализирована
2026-05-20 23:37:50 [INFO] Ботнет v4.3 инициализирован
2026-05-20 23:48:59 [INFO] Приложение завершает работу
2026-05-20 23:49:21 [INFO] Приложение запущено
2026-05-20 23:49:21 [INFO] Вкладка Атаки инициализирована
2026-05-20 23:49:21 [INFO] Вкладка Разведки инициализирована
2026-05-20 23:49:21 [INFO] Ботнет v4.4 инициализирован
2026-05-20 23:58:36 [INFO] Приложение завершает работу
2026-05-21 00:04:37 [INFO] Приложение запущено
2026-05-21 00:04:37 [INFO] Вкладка Атаки инициализирована
2026-05-21 00:04:37 [INFO] Вкладка Разведки инициализирована
2026-05-21 00:04:37 [INFO] Ботнет v5.0 инициализирован
2026-05-21 00:04:37 [INFO] Вкладка Telegram инициализирована
2026-05-21 00:20:43 [INFO] Приложение завершает работу
2026-05-21 00:20:52 [INFO] Приложение запущено
2026-05-21 00:20:52 [INFO] Вкладка Атаки инициализирована
2026-05-21 00:20:52 [INFO] Вкладка Разведки инициализирована
2026-05-21 00:20:52 [INFO] Ботнет v5.1 инициализирован
2026-05-21 00:20:52 [INFO] Вкладка Telegram инициализирована
2026-05-21 00:34:08 [INFO] Приложение завершает работу
2026-05-21 00:34:31 [INFO] Приложение запущено
2026-05-21 00:34:31 [INFO] Вкладка Атаки инициализирована
2026-05-21 00:34:31 [INFO] Вкладка Разведки инициализирована
2026-05-21 00:34:32 [INFO] Ботнет v5.2 инициализирован
2026-05-21 00:34:32 [INFO] Вкладка Telegram инициализирована
2026-05-21 00:44:20 [INFO] Приложение завершает работу
2026-05-21 00:44:46 [INFO] Приложение запущено
2026-05-21 00:44:46 [INFO] Вкладка Атаки инициализирована
2026-05-21 00:44:46 [INFO] Вкладка Разведки инициализирована
2026-05-21 00:44:46 [INFO] Ботнет v5.2 инициализирован
2026-05-21 00:44:46 [INFO] Вкладка Telegram инициализирована
2026-05-21 00:46:36 [INFO] Приложение завершает работу
2026-05-21 00:54:49 [INFO] Приложение запущено
2026-05-21 00:54:50 [INFO] Вкладка Атаки инициализирована
2026-05-21 00:54:50 [INFO] Вкладка Разведки инициализирована
2026-05-21 00:54:50 [INFO] Ботнет v6.0 инициализирован
2026-05-21 00:54:50 [INFO] Вкладка Telegram инициализирована
2026-05-21 01:04:59 [INFO] Приложение завершает работу
2026-05-21 01:05:22 [INFO] Приложение запущено
2026-05-21 01:05:22 [INFO] Вкладка Атаки инициализирована
2026-05-21 01:05:22 [INFO] Вкладка Разведки инициализирована
2026-05-21 01:05:22 [INFO] Ботнет v6.0 инициализирован
2026-05-21 01:05:22 [INFO] Вкладка Telegram инициализирована
2026-05-21 01:05:33 [INFO] Атака: newvanna.ru/ метод CFBUAM потоков 100
2026-05-21 01:05:49 [WARNING] Атака остановлена пользователем
2026-05-21 01:05:50 [INFO] Атака сохранена в историю: newvanna.ru/
2026-05-21 01:15:24 [INFO] Приложение завершает работу
2026-05-21 01:15:33 [INFO] Приложение запущено
2026-05-21 01:15:33 [INFO] Вкладка Атаки инициализирована
2026-05-21 01:15:33 [INFO] Вкладка Разведки инициализирована
2026-05-21 01:15:33 [INFO] Ботнет v6.1 инициализирован
2026-05-21 01:15:33 [INFO] Вкладка Telegram инициализирована
2026-05-21 01:18:15 [INFO] Приложение завершает работу
2026-05-21 01:20:58 [INFO] Приложение запущено
2026-05-21 01:20:58 [INFO] Вкладка Атаки инициализирована
2026-05-21 01:20:58 [INFO] Вкладка Разведки инициализирована
2026-05-21 01:20:58 [INFO] Ботнет v6.1 инициализирован
2026-05-21 01:20:58 [INFO] Вкладка Telegram инициализирована
2026-05-21 01:21:57 [INFO] Приложение завершает работу
2026-05-21 01:26:43 [INFO] Приложение запущено
2026-05-21 01:26:44 [INFO] Вкладка Атаки инициализирована
2026-05-21 01:26:44 [INFO] Вкладка Разведки инициализирована
2026-05-21 01:26:44 [INFO] Ботнет v6.1 инициализирован
2026-05-21 01:26:44 [INFO] Вкладка Telegram инициализирована
2026-05-21 01:38:06 [INFO] Приложение завершает работу
2026-05-21 01:38:17 [INFO] Приложение запущено
2026-05-21 01:38:17 [INFO] Вкладка Атаки инициализирована
2026-05-21 01:38:17 [INFO] Вкладка Разведки инициализирована
2026-05-21 01:38:18 [INFO] Ботнет v6.2 инициализирован
2026-05-21 01:38:18 [INFO] Вкладка Telegram инициализирована
2026-05-21 01:41:38 [INFO] Приложение завершает работу
2026-05-21 01:49:49 [INFO] Приложение запущено
2026-05-21 01:49:49 [INFO] Вкладка Атаки инициализирована
2026-05-21 01:49:49 [INFO] Вкладка Разведки инициализирована
2026-05-21 01:49:49 [INFO] Ботнет v6.3 инициализирован
2026-05-21 01:49:49 [INFO] Вкладка Telegram инициализирована
2026-05-21 02:09:18 [INFO] Приложение завершает работу
2026-05-21 02:09:27 [INFO] Приложение запущено
2026-05-21 02:09:27 [INFO] Вкладка Атаки инициализирована
2026-05-21 02:09:27 [INFO] Вкладка Разведки инициализирована
2026-05-21 02:09:27 [INFO] Ботнет v6.3 инициализирован
2026-05-21 02:09:27 [INFO] Вкладка Telegram инициализирована
2026-05-21 02:10:09 [INFO] Сбор прокси запущен
2026-05-21 02:26:11 [INFO] Приложение запущено
2026-05-21 02:26:12 [INFO] Вкладка Атаки инициализирована
2026-05-21 02:26:12 [INFO] Вкладка Разведки инициализирована
2026-05-21 02:26:12 [INFO] Ботнет v6.3 инициализирован
2026-05-21 02:26:12 [INFO] Вкладка Telegram инициализирована
2026-05-21 02:26:15 [INFO] Приложение завершает работу
2026-05-21 02:36:34 [INFO] Приложение запущено
2026-05-21 02:36:36 [INFO] Вкладка Атаки инициализирована
2026-05-21 02:36:36 [INFO] Вкладка Разведки инициализирована
2026-05-21 02:36:36 [INFO] Ботнет v6.3 инициализирован
2026-05-21 02:36:36 [INFO] Вкладка Telegram инициализирована
2026-05-21 02:40:16 [INFO] Приложение завершает работу
2026-05-21 02:49:05 [INFO] Приложение запущено
2026-05-21 02:49:06 [INFO] Вкладка Атаки инициализирована
2026-05-21 02:49:06 [INFO] Вкладка Разведки инициализирована
2026-05-21 02:49:06 [INFO] Ботнет v6.3 инициализирован
2026-05-21 02:49:06 [INFO] Вкладка Telegram инициализирована
2026-05-21 02:49:31 [INFO] Приложение запущено
2026-05-21 02:49:31 [INFO] Вкладка Атаки инициализирована
2026-05-21 02:49:31 [INFO] Вкладка Разведки инициализирована
2026-05-21 02:49:31 [INFO] Ботнет v6.3 инициализирован
2026-05-21 02:49:31 [INFO] Вкладка Telegram инициализирована
2026-05-21 02:52:07 [INFO] Приложение запущено
2026-05-21 02:52:07 [INFO] Вкладка Атаки инициализирована
2026-05-21 02:52:07 [INFO] Вкладка Разведки инициализирована
2026-05-21 02:52:07 [INFO] Ботнет v6.3 инициализирован
2026-05-21 02:52:07 [INFO] Вкладка Telegram инициализирована
2026-05-21 02:52:57 [INFO] Атака: newvanna.ru/ метод CFBUAM потоков 100
2026-05-21 02:53:01 [WARNING] Атака остановлена пользователем
2026-05-21 02:53:02 [INFO] Атака сохранена в историю: newvanna.ru/
2026-05-21 02:53:25 [INFO] Приложение завершает работу
2026-05-21 03:04:06 [INFO] Приложение запущено
2026-05-21 03:04:06 [INFO] Вкладка Атаки инициализирована
2026-05-21 03:04:06 [INFO] Вкладка Разведки инициализирована
2026-05-21 03:04:06 [INFO] Ботнет v6.3 инициализирован
2026-05-21 03:04:06 [INFO] Вкладка Telegram инициализирована
2026-05-21 03:06:12 [INFO] Приложение завершает работу
2026-05-21 03:13:41 [INFO] Приложение запущено
2026-05-21 03:13:42 [INFO] Вкладка Атаки инициализирована
2026-05-21 03:13:42 [INFO] Вкладка Разведки инициализирована
2026-05-21 03:13:42 [INFO] Ботнет v6.3 инициализирован
2026-05-21 03:13:42 [INFO] Вкладка Telegram инициализирована
2026-05-21 03:13:55 [INFO] Атака: newvanna.ru/ метод CFBUAM потоков 100
2026-05-21 03:14:02 [WARNING] Атака остановлена пользователем
2026-05-21 03:14:02 [INFO] Атака сохранена в историю: newvanna.ru/
2026-05-21 03:16:06 [INFO] Разведка: https://newvanna.ru/
2026-05-21 03:17:43 [INFO] Разведка завершена: https://newvanna.ru/
2026-05-21 03:24:56 [INFO] Приложение завершает работу
2026-05-21 03:25:19 [INFO] Приложение запущено
2026-05-21 03:25:20 [INFO] Вкладка Атаки инициализирована
2026-05-21 03:25:45 [INFO] Приложение запущено
2026-05-21 03:25:46 [INFO] Вкладка Атаки инициализирована
2026-05-21 03:30:01 [INFO] Приложение запущено
2026-05-21 03:30:01 [INFO] Вкладка Атаки инициализирована
2026-05-21 03:30:01 [INFO] Вкладка Разведки инициализирована
2026-05-21 03:30:26 [INFO] Приложение запущено
2026-05-21 03:30:26 [INFO] Вкладка Атаки инициализирована
2026-05-21 03:30:26 [INFO] Вкладка Разведки инициализирована
2026-05-21 03:35:43 [INFO] Приложение запущено
2026-05-21 03:35:43 [INFO] Вкладка Атаки инициализирована
2026-05-21 03:35:43 [INFO] Вкладка Разведки инициализирована
2026-05-21 03:36:07 [INFO] Приложение запущено
2026-05-21 03:36:07 [INFO] Вкладка Атаки инициализирована
2026-05-21 03:36:08 [INFO] Вкладка Разведки инициализирована
2026-05-21 03:40:10 [INFO] Приложение запущено
2026-05-21 03:40:11 [INFO] Вкладка Атаки инициализирована
2026-05-21 03:40:11 [INFO] Вкладка Разведки инициализирована
2026-05-21 03:40:12 [INFO] Ботнет v6.4 инициализирован
2026-05-21 03:40:12 [INFO] Вкладка Telegram инициализирована
2026-05-21 03:41:17 [INFO] Приложение завершает работу
2026-05-21 03:54:10 [INFO] Приложение запущено
2026-05-21 04:01:58 [INFO] Приложение запущено
2026-05-21 04:01:59 [INFO] Вкладка Атаки v2.5 инициализирована
2026-05-21 04:01:59 [INFO] Вкладка Разведки инициализирована
2026-05-21 04:02:00 [INFO] Ботнет v6.4 инициализирован
2026-05-21 04:02:00 [INFO] Вкладка Telegram инициализирована
2026-05-21 04:11:16 [INFO] Приложение запущено
2026-05-21 04:11:40 [INFO] Приложение запущено
2026-05-21 04:17:34 [INFO] Приложение запущено
2026-05-21 04:17:35 [INFO] Вкладка Атаки v2.6 инициализирована
2026-05-21 04:17:35 [INFO] Вкладка Разведки инициализирована
2026-05-21 04:17:36 [INFO] Ботнет v6.4 инициализирован
2026-05-21 04:17:36 [INFO] Вкладка Telegram инициализирована
2026-05-21 04:18:35 [INFO] Приложение завершает работу
2026-05-21 04:33:04 [INFO] Приложение завершает работу
2026-05-21 04:33:17 [INFO] Приложение запущено
2026-05-21 04:33:37 [INFO] Приложение запущено
2026-05-21 04:34:18 [INFO] Приложение запущено
2026-05-21 04:44:50 [INFO] Приложение запущено
2026-05-21 04:44:50 [INFO] Вкладка Атаки v2.7 инициализирована
2026-05-21 04:44:50 [INFO] Вкладка Разведки инициализирована
2026-05-21 04:44:51 [INFO] Ботнет v6.4 инициализирован
2026-05-21 04:44:51 [INFO] Вкладка Telegram инициализирована
2026-05-21 04:45:55 [INFO] Приложение завершает работу
2026-05-21 09:09:14 [INFO] Приложение запущено
2026-05-21 09:09:15 [INFO] Вкладка Атаки v2.7 инициализирована
2026-05-21 09:09:15 [INFO] Вкладка Разведки инициализирована
2026-05-21 09:09:16 [INFO] Ботнет v6.4 инициализирован
2026-05-21 09:09:16 [INFO] Вкладка Telegram инициализирована
2026-05-21 09:09:39 [INFO] Разведка: https://bfl.plus/
2026-05-21 09:09:39 [ERROR] Ошибка разведки: 'ReconScanner' object has no attribute 'full_report'
2026-05-21 09:10:15 [INFO] Разведка: https://bfl.plus/
2026-05-21 09:10:15 [ERROR] Ошибка разведки: 'ReconScanner' object has no attribute 'full_report'
2026-05-21 09:13:52 [INFO] Приложение завершает работу
2026-05-21 09:14:02 [INFO] Приложение запущено
2026-05-21 09:14:03 [INFO] Вкладка Атаки v2.7 инициализирована
2026-05-21 09:14:03 [INFO] Вкладка Разведки инициализирована
2026-05-21 09:14:04 [INFO] Ботнет v6.4 инициализирован
2026-05-21 09:14:04 [INFO] Вкладка Telegram инициализирована
2026-05-21 09:14:17 [INFO] Разведка: https://bfl.plus/
2026-05-21 09:14:17 [ERROR] Ошибка разведки: 'ReconScanner' object has no attribute 'full_report'
2026-05-21 09:16:36 [INFO] Сбор прокси запущен
2026-05-21 09:16:40 [INFO] Приложение завершает работу
2026-05-21 09:26:28 [INFO] Приложение запущено
2026-05-21 09:26:29 [INFO] Вкладка Атаки v2.7 инициализирована
2026-05-21 09:26:29 [INFO] Вкладка Разведки инициализирована
2026-05-21 09:26:30 [INFO] Ботнет v6.4 инициализирован
2026-05-21 09:26:30 [INFO] Вкладка Telegram инициализирована
2026-05-21 09:26:45 [INFO] Разведка: https://bfl.plus/
2026-05-21 09:26:45 [ERROR] Ошибка разведки: 'ReconScanner' object has no attribute 'full_report'
2026-05-21 09:26:58 [INFO] Разведка: https://bfl.plus/
2026-05-21 09:26:58 [ERROR] Ошибка разведки: 'ReconScanner' object has no attribute 'full_report'
2026-05-21 09:27:01 [INFO] Разведка: https://bfl.plus/
2026-05-21 09:27:01 [ERROR] Ошибка разведки: 'ReconScanner' object has no attribute 'full_report'
2026-05-21 09:27:02 [INFO] Разведка: https://bfl.plus/
2026-05-21 09:27:02 [ERROR] Ошибка разведки: 'ReconScanner' object has no attribute 'full_report'
2026-05-21 09:27:02 [INFO] Разведка: https://bfl.plus/
2026-05-21 09:27:02 [ERROR] Ошибка разведки: 'ReconScanner' object has no attribute 'full_report'
2026-05-21 09:27:02 [INFO] Разведка: https://bfl.plus/
2026-05-21 09:27:02 [ERROR] Ошибка разведки: 'ReconScanner' object has no attribute 'full_report'
2026-05-21 09:27:02 [INFO] Разведка: https://bfl.plus/
2026-05-21 09:27:02 [ERROR] Ошибка разведки: 'ReconScanner' object has no attribute 'full_report'
2026-05-21 09:28:04 [INFO] Разведка: https://bfl.plus/
2026-05-21 09:28:04 [ERROR] Ошибка разведки: 'ReconScanner' object has no attribute 'full_report'
2026-05-21 09:28:06 [INFO] Разведка: https://bfl.plus/
2026-05-21 09:28:06 [ERROR] Ошибка разведки: 'ReconScanner' object has no attribute 'full_report'
2026-05-21 09:29:14 [INFO] Приложение завершает работу
2026-05-21 09:29:38 [INFO] Приложение запущено
2026-05-21 09:29:39 [INFO] Вкладка Атаки v2.8 инициализирована
2026-05-21 09:29:39 [INFO] Вкладка Разведки инициализирована
2026-05-21 09:29:40 [INFO] Ботнет v6.4 инициализирован
2026-05-21 09:29:40 [INFO] Вкладка Telegram инициализирована
2026-05-21 09:29:55 [INFO] Разведка: https://bfl.plus/
2026-05-21 09:36:03 [INFO] Разведка завершена: https://bfl.plus/
2026-05-21 09:42:30 [INFO] Приложение завершает работу
2026-05-21 09:46:27 [INFO] Приложение запущено
2026-05-21 09:46:28 [INFO] Вкладка Атаки v2.8 инициализирована
2026-05-21 09:46:28 [INFO] Вкладка Разведки инициализирована
2026-05-21 09:46:29 [INFO] Ботнет v6.4 инициализирован
2026-05-21 09:46:29 [INFO] Вкладка Telegram инициализирована
2026-05-21 09:46:44 [INFO] Разведка: https://bfl.plus/
2026-05-21 09:52:31 [INFO] Разведка завершена: https://bfl.plus/
2026-05-21 09:59:44 [INFO] Приложение завершает работу
2026-05-21 10:02:23 [INFO] Приложение запущено
2026-05-21 10:02:23 [INFO] Вкладка Атаки v2.8 инициализирована
2026-05-21 10:02:23 [INFO] Вкладка Разведки инициализирована
2026-05-21 10:02:25 [INFO] Ботнет v6.4 инициализирован
2026-05-21 10:02:25 [INFO] Вкладка Telegram инициализирована
2026-05-21 10:07:20 [INFO] Приложение завершает работу
2026-05-21 10:07:29 [INFO] Приложение запущено
2026-05-21 10:07:30 [INFO] Вкладка Атаки v2.8 инициализирована
2026-05-21 10:07:30 [INFO] Вкладка Разведки инициализирована
2026-05-21 10:07:31 [INFO] Ботнет v6.4 инициализирован
2026-05-21 10:07:31 [INFO] Вкладка Telegram инициализирована
2026-05-21 10:20:19 [INFO] Приложение завершает работу
2026-05-21 10:20:41 [INFO] Приложение запущено
2026-05-21 10:20:41 [INFO] Вкладка Атаки v2.9 инициализирована
2026-05-21 10:20:41 [INFO] Вкладка Разведки инициализирована
2026-05-21 10:20:42 [INFO] Ботнет v6.4 инициализирован
2026-05-21 10:20:42 [INFO] Вкладка Telegram инициализирована
2026-05-21 10:30:08 [INFO] Приложение завершает работу
2026-05-21 10:37:26 [INFO] Приложение запущено
2026-05-21 10:37:26 [INFO] Вкладка Атаки v2.9 инициализирована
2026-05-21 10:37:26 [INFO] Вкладка Захвата инициализирована
2026-05-21 10:37:26 [INFO] Вкладка Разведки инициализирована
2026-05-21 10:37:27 [INFO] Ботнет v6.4 инициализирован
2026-05-21 10:37:27 [INFO] Вкладка Telegram инициализирована
2026-05-21 10:44:31 [INFO] Приложение завершает работу
2026-05-21 10:48:05 [INFO] Приложение запущено
2026-05-21 10:48:05 [INFO] Вкладка Атаки v3.0 инициализирована
2026-05-21 10:48:05 [INFO] Вкладка Захвата инициализирована
2026-05-21 10:48:05 [INFO] Вкладка Разведки инициализирована
2026-05-21 10:48:07 [INFO] Ботнет v6.4 инициализирован
2026-05-21 10:48:07 [INFO] Вкладка Telegram инициализирована
2026-05-21 13:54:59 [INFO] Приложение запущено
2026-05-21 13:54:59 [INFO] Вкладка Атаки v3.0 инициализирована
2026-05-21 13:54:59 [INFO] Вкладка Захвата инициализирована
2026-05-21 13:55:00 [INFO] Вкладка Разведки инициализирована
2026-05-21 13:55:00 [INFO] Ботнет v6.4 инициализирован
2026-05-21 13:55:00 [INFO] Вкладка Telegram инициализирована
2026-05-21 14:08:40 [INFO] Приложение завершает работу
2026-05-21 14:09:02 [INFO] Приложение запущено
2026-05-21 14:09:03 [INFO] Вкладка Атаки v3.0 инициализирована
2026-05-21 14:09:03 [INFO] Вкладка Захвата инициализирована
2026-05-21 14:09:03 [INFO] Вкладка Разведки инициализирована
2026-05-21 14:09:23 [INFO] Приложение запущено
2026-05-21 14:09:23 [INFO] Вкладка Атаки v3.0 инициализирована
2026-05-21 14:09:24 [INFO] Вкладка Захвата инициализирована
2026-05-21 14:09:24 [INFO] Вкладка Разведки инициализирована
2026-05-21 14:14:25 [INFO] Приложение запущено
2026-05-21 14:14:25 [INFO] Вкладка Атаки v3.0 инициализирована
2026-05-21 14:14:25 [INFO] Вкладка Захвата инициализирована
2026-05-21 14:14:25 [INFO] Вкладка Разведки инициализирована
2026-05-21 14:14:26 [INFO] Ботнет v6.5 инициализирован
2026-05-21 14:14:26 [INFO] Вкладка Telegram инициализирована
2026-05-21 14:23:55 [INFO] Приложение завершает работу
2026-05-21 14:24:22 [INFO] Приложение запущено
2026-05-21 14:24:23 [INFO] Вкладка Атаки v3.0 инициализирована
2026-05-21 14:24:23 [INFO] Вкладка Захвата инициализирована
2026-05-21 14:24:23 [INFO] Вкладка Разведки инициализирована
2026-05-21 14:24:24 [INFO] Ботнет v6.5 инициализирован
2026-05-21 14:24:24 [INFO] Вкладка Telegram инициализирована
2026-05-21 14:32:32 [INFO] Приложение завершает работу
2026-05-21 14:32:42 [INFO] Приложение запущено
2026-05-21 14:32:42 [INFO] Вкладка Атаки v3.0 инициализирована
2026-05-21 14:32:42 [INFO] Вкладка Захвата инициализирована
2026-05-21 14:32:42 [INFO] Вкладка Разведки инициализирована
2026-05-21 14:32:43 [INFO] Ботнет v6.5 инициализирован
2026-05-21 14:32:43 [INFO] Вкладка Telegram инициализирована
2026-05-21 14:33:40 [INFO] Приложение завершает работу
2026-05-21 14:39:43 [INFO] Приложение запущено
2026-05-21 14:39:43 [INFO] Вкладка Атаки v3.0 инициализирована
2026-05-21 14:39:43 [INFO] Вкладка Захвата инициализирована
2026-05-21 14:39:43 [INFO] Вкладка Разведки инициализирована
2026-05-21 14:40:05 [INFO] Приложение запущено
2026-05-21 14:40:05 [INFO] Вкладка Атаки v3.0 инициализирована
2026-05-21 14:40:05 [INFO] Вкладка Захвата инициализирована
2026-05-21 14:40:06 [INFO] Вкладка Разведки инициализирована
2026-05-21 14:44:47 [INFO] Приложение запущено
2026-05-21 14:44:47 [INFO] Вкладка Атаки v3.0 инициализирована
2026-05-21 14:44:47 [INFO] Вкладка Захвата инициализирована
2026-05-21 14:44:47 [INFO] Вкладка Разведки инициализирована
2026-05-21 14:44:48 [INFO] Ботнет v6.6 инициализирован
2026-05-21 14:44:48 [INFO] Вкладка Telegram инициализирована
2026-05-21 14:54:11 [INFO] Приложение завершает работу
2026-05-21 14:54:39 [INFO] Приложение запущено
2026-05-21 14:54:40 [INFO] Вкладка Атаки v3.0 инициализирована
2026-05-21 14:54:40 [INFO] Вкладка Захвата инициализирована
2026-05-21 14:54:40 [INFO] Вкладка Разведки инициализирована
2026-05-21 14:54:41 [INFO] Ботнет v6.8 инициализирован
2026-05-21 14:54:41 [INFO] Вкладка Telegram инициализирована
2026-05-21 14:58:17 [INFO] Приложение завершает работу
2026-05-21 15:04:16 [INFO] Приложение запущено
2026-05-21 15:04:16 [INFO] Вкладка Атаки v3.0 инициализирована
2026-05-21 15:04:17 [INFO] Вкладка Захвата инициализирована
2026-05-21 15:04:17 [INFO] Вкладка Разведки инициализирована
2026-05-21 15:04:18 [INFO] Ботнет v6.9 инициализирован
2026-05-21 15:04:18 [INFO] Вкладка Telegram инициализирована
2026-05-21 15:17:35 [INFO] Приложение завершает работу
2026-05-21 15:17:55 [INFO] Приложение запущено
2026-05-21 15:17:56 [INFO] Вкладка Атаки v3.0 инициализирована
2026-05-21 15:17:56 [INFO] Вкладка Захвата инициализирована
2026-05-21 15:17:56 [INFO] Вкладка Разведки инициализирована
2026-05-21 15:17:56 [INFO] Ботнет v6.9 инициализирован
2026-05-21 15:17:56 [INFO] Вкладка Telegram инициализирована
2026-05-21 15:29:11 [INFO] Приложение завершает работу
2026-05-21 15:29:20 [INFO] Приложение запущено
2026-05-21 15:29:21 [INFO] Вкладка Атаки v3.0 инициализирована
2026-05-21 15:29:21 [INFO] Вкладка Захвата инициализирована
2026-05-21 15:29:21 [INFO] Вкладка Разведки инициализирована
2026-05-21 15:29:21 [INFO] Ботнет v6.9 инициализирован
2026-05-21 15:29:21 [INFO] Вкладка Telegram инициализирована
2026-05-21 15:46:50 [INFO] Приложение завершает работу
2026-05-21 15:47:29 [INFO] Приложение запущено
2026-05-21 15:47:29 [INFO] Вкладка Атаки v3.0 инициализирована
2026-05-21 15:47:30 [INFO] Вкладка Захвата инициализирована
2026-05-21 15:47:30 [INFO] Вкладка Разведки инициализирована
2026-05-21 15:47:30 [INFO] Ботнет v6.9 инициализирован
2026-05-21 15:47:30 [INFO] Вкладка Telegram инициализирована
2026-05-21 15:49:42 [INFO] Приложение завершает работу
2026-05-21 15:57:29 [INFO] Приложение запущено
2026-05-21 15:57:29 [INFO] Вкладка Атаки v3.0 инициализирована
2026-05-21 15:57:29 [INFO] Вкладка Захвата инициализирована
2026-05-21 15:57:30 [INFO] Вкладка Разведки инициализирована
2026-05-21 15:57:30 [INFO] Ботнет v7.0 инициализирован
2026-05-21 15:57:30 [INFO] Вкладка Telegram инициализирована
2026-05-21 15:57:54 [ERROR] SSH ошибка: encountered RSA key, expected OPENSSH key
2026-05-21 16:13:49 [INFO] Приложение завершает работу
2026-05-21 16:13:59 [INFO] Приложение запущено
2026-05-21 16:13:59 [INFO] Вкладка Атаки v3.0 инициализирована
2026-05-21 16:13:59 [INFO] Вкладка Захвата инициализирована
2026-05-21 16:14:00 [INFO] Вкладка Разведки инициализирована
2026-05-21 16:14:00 [INFO] Ботнет v7.0 инициализирован
2026-05-21 16:14:00 [INFO] Вкладка Telegram инициализирована
2026-05-21 16:43:55 [INFO] Приложение запущено
2026-05-21 16:43:55 [INFO] Вкладка Атаки v3.0 инициализирована
2026-05-21 16:43:55 [INFO] Вкладка Захвата инициализирована
2026-05-21 16:43:55 [INFO] Вкладка Разведки инициализирована
2026-05-21 16:43:55 [INFO] Ботнет v7.0 инициализирован
2026-05-21 16:43:55 [INFO] Вкладка Telegram инициализирована
2026-05-21 21:50:47 [INFO] Приложение запущено
2026-05-21 21:50:47 [INFO] Вкладка Атаки v3.0 инициализирована
2026-05-21 21:50:48 [INFO] Вкладка Захвата инициализирована
2026-05-21 21:50:48 [INFO] Вкладка Разведки инициализирована
2026-05-21 21:50:48 [INFO] Ботнет v7.0 инициализирован
2026-05-21 21:50:48 [INFO] Вкладка Telegram инициализирована
2026-05-21 21:51:27 [INFO] Разведка: https://agentstvogarantii.ru/
2026-05-21 21:51:41 [INFO] Разведка завершена: https://agentstvogarantii.ru/
2026-05-21 21:52:47 [INFO] Атака: https://agentstvogarantii.ru метод CFBUAM потоков 200
2026-05-21 21:55:15 [WARNING] Атака остановлена пользователем
2026-05-21 21:55:15 [INFO] Атака сохранена в историю: https://agentstvogarantii.ru
2026-05-21 21:55:27 [INFO] Атака: https://agentstvogarantii.ru метод CFBUAM потоков 600
2026-05-21 21:57:17 [WARNING] Атака остановлена пользователем
2026-05-21 21:57:17 [INFO] Атака сохранена в историю: https://agentstvogarantii.ru
2026-05-21 22:02:57 [INFO] Приложение завершает работу
2026-05-21 22:04:36 [INFO] Приложение запущено
2026-05-21 22:04:36 [INFO] Вкладка Атаки v3.0 инициализирована
2026-05-21 22:04:36 [INFO] Вкладка Захвата инициализирована
2026-05-21 22:04:36 [INFO] Вкладка Разведки инициализирована
2026-05-21 22:04:36 [INFO] Ботнет v7.0 инициализирован
2026-05-21 22:04:36 [INFO] Вкладка Telegram инициализирована
2026-05-21 22:04:57 [INFO] Сбор прокси запущен
2026-05-21 22:39:25 [INFO] Приложение завершает работу
2026-05-21 22:39:26 [INFO] Приложение запущено
2026-05-21 22:39:26 [INFO] Вкладка Атаки v3.0 инициализирована
2026-05-21 22:39:26 [INFO] Вкладка Захвата инициализирована
2026-05-21 22:39:26 [INFO] Вкладка Разведки инициализирована
2026-05-21 22:39:26 [INFO] Ботнет v7.0 инициализирован
2026-05-21 22:39:26 [INFO] Вкладка Telegram инициализирована
2026-05-21 22:45:29 [INFO] Приложение завершает работу
2026-05-21 22:46:09 [INFO] Приложение запущено
2026-05-21 22:46:09 [INFO] Вкладка Атаки v3.0 инициализирована
2026-05-21 22:46:09 [INFO] Вкладка Захвата инициализирована
2026-05-21 22:46:09 [INFO] Вкладка Разведки инициализирована
2026-05-21 22:46:09 [INFO] Ботнет v7.0 инициализирован
2026-05-21 22:46:09 [INFO] Вкладка Telegram инициализирована
2026-05-21 23:01:01 [INFO] Приложение запущено
2026-05-21 23:01:01 [INFO] Вкладка Атаки v3.0 инициализирована
2026-05-21 23:01:02 [INFO] Вкладка Захвата инициализирована
2026-05-21 23:01:02 [INFO] Вкладка Разведки инициализирована
2026-05-21 23:01:02 [INFO] Ботнет v7.0 инициализирован
2026-05-21 23:01:02 [INFO] Вкладка Telegram инициализирована
2026-05-21 23:03:12 [INFO] Приложение завершает работу
2026-05-22 00:42:15 [INFO] Приложение завершает работу
2026-05-22 00:43:51 [INFO] Приложение запущено
2026-05-22 00:43:52 [INFO] Вкладка Атаки v3.0 инициализирована
2026-05-22 00:43:52 [INFO] Вкладка Захвата инициализирована
2026-05-22 00:43:52 [INFO] Вкладка Разведки инициализирована
2026-05-22 00:43:52 [INFO] Ботнет v7.0 инициализирован
2026-05-22 00:43:52 [INFO] Вкладка Telegram инициализирована
2026-05-22 00:44:17 [INFO] Приложение запущено
2026-05-22 00:44:18 [INFO] Вкладка Атаки v3.0 инициализирована
2026-05-22 00:44:18 [INFO] Вкладка Захвата инициализирована
2026-05-22 00:44:18 [INFO] Вкладка Разведки инициализирована
2026-05-22 00:44:18 [INFO] Ботнет v7.0 инициализирован
2026-05-22 00:44:18 [INFO] Вкладка Telegram инициализирована
2026-05-22 00:49:05 [INFO] Приложение запущено
2026-05-22 00:49:05 [INFO] Вкладка Атаки v3.0 инициализирована
2026-05-22 00:49:05 [INFO] Вкладка Захвата инициализирована
2026-05-22 00:49:05 [INFO] Вкладка Разведки инициализирована
2026-05-22 00:49:06 [INFO] Ботнет v7.0 инициализирован
2026-05-22 00:49:06 [INFO] Вкладка Telegram инициализирована
2026-05-22 00:54:22 [INFO] Приложение завершает работу
2026-05-22 00:56:58 [INFO] Приложение запущено
2026-05-22 00:56:58 [INFO] Вкладка Атаки v3.0 инициализирована
2026-05-22 00:56:58 [INFO] Вкладка Захвата инициализирована
2026-05-22 00:56:58 [INFO] Вкладка Разведки инициализирована
2026-05-22 00:56:58 [INFO] Ботнет v7.0 инициализирован
2026-05-22 00:56:58 [INFO] Вкладка Telegram инициализирована
2026-05-22 00:57:22 [INFO] Приложение завершает работу
2026-05-22 00:57:27 [INFO] Приложение запущено
2026-05-22 00:57:28 [INFO] Вкладка Атаки v3.0 инициализирована
2026-05-22 00:57:28 [INFO] Вкладка Захвата инициализирована
2026-05-22 00:57:28 [INFO] Вкладка Разведки инициализирована
2026-05-22 00:57:28 [INFO] Ботнет v7.0 инициализирован
2026-05-22 00:57:28 [INFO] Вкладка Telegram инициализирована
2026-05-22 00:57:36 [INFO] Приложение завершает работу
2026-05-22 01:05:38 [INFO] Приложение запущено
2026-05-22 01:07:08 [INFO] Приложение запущено
2026-05-22 01:09:49 [INFO] Приложение запущено
2026-05-22 01:09:49 [INFO] Вкладка Атаки v3.0 инициализирована
2026-05-22 01:09:49 [INFO] Вкладка Захвата инициализирована
2026-05-22 01:09:49 [INFO] Вкладка Разведки инициализирована
2026-05-22 01:09:50 [INFO] Ботнет v7.0 инициализирован
2026-05-22 01:09:50 [INFO] Вкладка Telegram инициализирована
2026-05-22 01:10:08 [INFO] Приложение завершает работу
2026-05-22 01:10:14 [INFO] Приложение запущено
2026-05-22 01:10:14 [INFO] Вкладка Атаки v3.0 инициализирована
2026-05-22 01:10:14 [INFO] Вкладка Захвата инициализирована
2026-05-22 01:10:14 [INFO] Вкладка Разведки инициализирована
2026-05-22 01:10:14 [INFO] Ботнет v7.0 инициализирован
2026-05-22 01:10:14 [INFO] Вкладка Telegram инициализирована
2026-05-22 01:10:45 [INFO] Приложение завершает работу
2026-05-22 01:14:54 [INFO] Приложение запущено
2026-05-22 01:14:54 [INFO] Вкладка Атаки v3.0 инициализирована
2026-05-22 01:14:54 [INFO] Вкладка Захвата инициализирована
2026-05-22 01:14:54 [INFO] Вкладка Разведки инициализирована
2026-05-22 01:14:54 [INFO] Ботнет v7.0 инициализирован
2026-05-22 01:14:54 [INFO] Вкладка Telegram инициализирована
2026-05-22 01:20:44 [INFO] Приложение завершает работу
2026-05-22 01:24:19 [INFO] Приложение запущено
2026-05-22 01:24:20 [INFO] Вкладка Атаки v3.0 инициализирована
2026-05-22 01:24:20 [INFO] Вкладка Захвата инициализирована
2026-05-22 01:24:20 [INFO] Вкладка Разведки инициализирована
2026-05-22 01:24:20 [INFO] Ботнет v7.0 инициализирован
2026-05-22 01:24:20 [INFO] Вкладка Telegram инициализирована
2026-05-22 01:31:26 [INFO] Приложение завершает работу
2026-05-22 01:32:05 [INFO] Приложение запущено
2026-05-22 01:32:06 [INFO] Вкладка Атаки v3.0 инициализирована
2026-05-22 01:32:06 [INFO] Вкладка Захвата инициализирована
2026-05-22 01:32:06 [INFO] Вкладка Разведки инициализирована
2026-05-22 01:32:06 [INFO] Ботнет v7.0 инициализирован
2026-05-22 01:32:06 [INFO] Вкладка Telegram инициализирована
2026-05-22 01:35:03 [INFO] Приложение завершает работу
2026-05-22 01:38:09 [INFO] Приложение запущено
2026-05-22 01:38:10 [INFO] Вкладка Атаки v3.0 инициализирована
2026-05-22 01:38:10 [INFO] Вкладка Захвата инициализирована
2026-05-22 01:38:10 [INFO] Вкладка Разведки инициализирована
2026-05-22 01:38:10 [INFO] Ботнет v7.0 инициализирован
2026-05-22 01:38:10 [INFO] Вкладка Telegram инициализирована
2026-05-22 01:46:38 [INFO] Приложение завершает работу
2026-05-22 01:46:48 [INFO] Приложение запущено
2026-05-22 01:46:48 [INFO] Вкладка Атаки v3.0 инициализирована
2026-05-22 01:46:49 [INFO] Вкладка Захвата инициализирована
2026-05-22 01:46:49 [INFO] Вкладка Разведки инициализирована
2026-05-22 01:46:49 [INFO] Ботнет v7.0 инициализирован
2026-05-22 01:46:49 [INFO] Вкладка Telegram инициализирована
2026-05-22 01:57:01 [INFO] Приложение завершает работу
2026-05-22 01:57:21 [INFO] Приложение запущено
2026-05-22 01:57:22 [INFO] Вкладка Атаки v3.0 инициализирована
2026-05-22 01:57:22 [INFO] Вкладка Захвата инициализирована
2026-05-22 01:57:22 [INFO] Вкладка Разведки инициализирована
2026-05-22 01:57:22 [INFO] Ботнет v7.0 инициализирован
2026-05-22 01:57:22 [INFO] Вкладка Telegram инициализирована
2026-05-22 02:04:22 [INFO] Приложение завершает работу
2026-05-22 02:12:48 [INFO] Приложение запущено
2026-05-22 02:12:49 [INFO] Вкладка Атаки v3.0 инициализирована
2026-05-22 02:12:49 [INFO] Вкладка Захвата инициализирована
2026-05-22 02:12:49 [INFO] Вкладка Разведки инициализирована
2026-05-22 02:12:49 [INFO] Ботнет v7.0 инициализирован
2026-05-22 02:12:49 [INFO] Вкладка Telegram инициализирована
2026-05-22 02:17:52 [INFO] Приложение завершает работу
2026-05-22 02:19:24 [INFO] Приложение запущено
2026-05-22 02:19:24 [INFO] Вкладка Атаки v3.0 инициализирована
2026-05-22 02:19:24 [INFO] Вкладка Захвата инициализирована
2026-05-22 02:19:25 [INFO] Вкладка Разведки инициализирована
2026-05-22 02:19:25 [INFO] Ботнет v7.0 инициализирован
2026-05-22 02:19:25 [INFO] Вкладка Telegram инициализирована
2026-05-22 03:56:31 [INFO] Приложение завершает работу
2026-05-22 03:56:41 [INFO] Приложение запущено
2026-05-22 03:56:41 [INFO] Вкладка Атаки v3.0 инициализирована
2026-05-22 03:56:41 [INFO] Вкладка Захвата инициализирована
2026-05-22 03:56:41 [INFO] Вкладка Разведки инициализирована
2026-05-22 03:56:41 [INFO] Ботнет v7.0 инициализирован
2026-05-22 03:56:41 [INFO] Вкладка Telegram инициализирована
2026-05-22 03:57:06 [INFO] Приложение завершает работу
2026-05-22 04:01:30 [INFO] Приложение запущено
2026-05-22 04:01:31 [INFO] Вкладка Атаки v3.0 инициализирована
2026-05-22 04:01:31 [INFO] Вкладка Захвата инициализирована
2026-05-22 04:01:31 [INFO] Вкладка Разведки инициализирована
2026-05-22 04:01:31 [INFO] Ботнет v7.0 инициализирован
2026-05-22 04:01:31 [INFO] Вкладка Telegram инициализирована
2026-05-22 04:03:35 [INFO] Приложение завершает работу
2026-05-22 04:12:22 [INFO] Приложение запущено
2026-05-22 04:12:22 [INFO] Вкладка Атаки v3.0 инициализирована
2026-05-22 04:12:23 [INFO] Вкладка Захвата инициализирована
2026-05-22 04:12:23 [INFO] Вкладка Разведки инициализирована
2026-05-22 04:12:23 [INFO] Ботнет v7.0 инициализирован
2026-05-22 04:12:23 [INFO] Вкладка Telegram инициализирована
2026-05-22 04:15:40 [INFO] Приложение завершает работу
2026-05-22 04:19:11 [INFO] Приложение запущено
2026-05-22 04:19:11 [INFO] Вкладка Атаки v3.0 инициализирована
2026-05-22 04:19:12 [INFO] Вкладка Захвата инициализирована
2026-05-22 04:19:12 [INFO] Вкладка Разведки инициализирована
2026-05-22 04:19:12 [INFO] Ботнет v7.0 инициализирован
2026-05-22 04:19:12 [INFO] Вкладка Telegram инициализирована
2026-05-22 04:23:56 [INFO] Приложение запущено
2026-05-22 04:23:57 [INFO] Вкладка Атаки v3.0 инициализирована
2026-05-22 04:23:57 [INFO] Вкладка Захвата инициализирована
2026-05-22 04:23:57 [INFO] Приложение завершает работу
2026-05-22 04:23:57 [INFO] Вкладка Разведки инициализирована
2026-05-22 04:23:57 [INFO] Ботнет v7.0 инициализирован
2026-05-22 04:23:57 [INFO] Вкладка Telegram инициализирована
2026-05-22 04:23:59 [INFO] Приложение завершает работу
2026-05-22 04:24:08 [INFO] Приложение запущено
2026-05-22 04:24:08 [INFO] Вкладка Атаки v3.0 инициализирована
2026-05-22 04:24:08 [INFO] Вкладка Захвата инициализирована
2026-05-22 04:24:08 [INFO] Вкладка Разведки инициализирована
2026-05-22 04:24:08 [INFO] Ботнет v7.0 инициализирован
2026-05-22 04:24:08 [INFO] Вкладка Telegram инициализирована
2026-05-22 04:27:57 [INFO] Приложение завершает работу
2026-05-22 12:18:36 [INFO] Приложение запущено
2026-05-22 12:18:37 [INFO] Вкладка Атаки v3.0 инициализирована
2026-05-22 12:18:37 [INFO] Вкладка Захвата инициализирована
2026-05-22 12:18:37 [INFO] Вкладка Разведки инициализирована
2026-05-22 12:18:37 [INFO] Ботнет v7.0 инициализирован
2026-05-22 12:18:37 [INFO] Вкладка Telegram инициализирована
2026-05-22 13:10:30 [INFO] Приложение запущено
2026-05-22 13:10:30 [INFO] Вкладка Атаки v3.0 инициализирована
2026-05-22 13:10:30 [INFO] Вкладка Захвата инициализирована
2026-05-22 13:10:31 [INFO] Вкладка Разведки инициализирована
2026-05-22 13:10:31 [INFO] Ботнет v7.0 (TCP) инициализирован
2026-05-22 13:10:31 [INFO] Вкладка Telegram инициализирована
2026-05-22 13:15:13 [INFO] Приложение завершает работу
2026-05-22 13:18:26 [INFO] Приложение запущено
2026-05-22 13:18:27 [INFO] Вкладка Атаки v3.0 инициализирована
2026-05-22 13:18:27 [INFO] Вкладка Захвата инициализирована
2026-05-22 13:18:27 [INFO] Вкладка Разведки инициализирована
2026-05-22 13:18:27 [INFO] Ботнет v7.0 (TCP) инициализирован
2026-05-22 13:18:27 [INFO] Вкладка Telegram инициализирована
2026-05-22 13:23:10 [INFO] Приложение завершает работу
2026-05-22 13:35:37 [INFO] Приложение запущено
2026-05-22 13:35:37 [INFO] Вкладка Атаки v3.0 инициализирована
2026-05-22 13:35:37 [INFO] Вкладка Захвата инициализирована
2026-05-22 13:35:37 [INFO] Вкладка Разведки инициализирована
2026-05-22 13:35:37 [INFO] Ботнет v7.0 (TCP) инициализирован
2026-05-22 13:35:37 [INFO] Вкладка Telegram инициализирована
2026-05-23 14:16:58 [INFO] Приложение завершает работу
2026-05-23 14:27:43 [INFO] Приложение запущено
2026-05-23 14:27:43 [INFO] Вкладка Атаки v3.0 инициализирована
2026-05-23 14:27:44 [INFO] Вкладка Захвата инициализирована
2026-05-23 14:27:44 [INFO] Вкладка Разведки инициализирована
2026-05-23 14:27:44 [INFO] Ботнет v7.0 (TCP) инициализирован
2026-05-23 14:27:44 [INFO] Вкладка Telegram инициализирована
2026-05-23 14:28:07 [INFO] Приложение завершает работу
2026-05-23 16:23:45 [INFO] Приложение запущено
2026-05-23 16:23:45 [INFO] Вкладка Атаки v3.0 инициализирована
2026-05-23 16:23:46 [INFO] Вкладка Захвата инициализирована
2026-05-23 16:23:46 [INFO] Вкладка Разведки инициализирована
2026-05-23 16:23:46 [INFO] Ботнет v7.0 (TCP) инициализирован
2026-05-23 16:23:46 [INFO] Вкладка Telegram инициализирована
2026-05-23 16:24:01 [INFO] Приложение завершает работу
2026-05-23 16:28:11 [INFO] Приложение запущено
2026-05-23 16:28:12 [INFO] Вкладка Атаки v3.0 инициализирована
2026-05-23 16:28:12 [INFO] Вкладка Захвата инициализирована
2026-05-23 16:28:12 [INFO] Вкладка Разведки инициализирована
2026-05-23 16:28:12 [INFO] Ботнет v7.0 (TCP) инициализирован
2026-05-23 16:28:12 [INFO] Вкладка Telegram инициализирована
2026-05-23 16:28:24 [INFO] Приложение завершает работу
2026-05-23 16:28:54 [INFO] Приложение запущено
2026-05-23 16:28:55 [INFO] Вкладка Атаки v3.0 инициализирована
2026-05-23 16:28:55 [INFO] Вкладка Захвата инициализирована
2026-05-23 16:28:55 [INFO] Вкладка Разведки инициализирована
2026-05-23 16:28:55 [INFO] Вкладка Telegram инициализирована
2026-05-23 16:30:12 [INFO] Приложение завершает работу
2026-05-23 16:34:48 [INFO] Приложение запущено
2026-05-23 16:34:48 [INFO] Вкладка Атаки v3.0 инициализирована
2026-05-23 16:34:48 [INFO] Вкладка Захвата инициализирована
2026-05-23 16:34:48 [INFO] Вкладка Разведки инициализирована
2026-05-23 16:34:48 [INFO] Вкладка Telegram инициализирована
2026-05-23 16:35:10 [INFO] Приложение завершает работу
2026-05-23 16:44:15 [INFO] Приложение запущено
2026-05-23 16:44:16 [INFO] Вкладка Атаки v3.0 инициализирована
2026-05-23 16:44:16 [INFO] Вкладка Захвата инициализирована
2026-05-23 16:44:16 [INFO] Вкладка Разведки инициализирована
2026-05-23 16:44:16 [INFO] Вкладка Telegram инициализирована
2026-05-23 23:41:53 [INFO] Приложение завершает работу
2026-05-23 23:42:02 [INFO] Приложение запущено
2026-05-23 23:42:02 [INFO] Вкладка Атаки v3.0 инициализирована
2026-05-23 23:42:02 [INFO] Вкладка Захвата инициализирована
2026-05-23 23:42:03 [INFO] Вкладка Разведки инициализирована
2026-05-23 23:42:03 [INFO] Вкладка Telegram инициализирована
2026-05-23 23:50:57 [INFO] Приложение завершает работу
2026-05-23 23:51:24 [INFO] Приложение запущено
2026-05-23 23:51:24 [INFO] Вкладка Атаки v3.0 инициализирована
2026-05-23 23:51:24 [INFO] Вкладка Захвата инициализирована
2026-05-23 23:51:24 [INFO] Вкладка Разведки инициализирована
2026-05-23 23:51:24 [INFO] Вкладка Telegram инициализирована
2026-05-23 23:52:06 [INFO] Приложение завершает работу
2026-05-23 23:54:20 [INFO] Приложение запущено
2026-05-23 23:54:21 [INFO] Вкладка Атаки v3.0 инициализирована
2026-05-23 23:54:21 [INFO] Вкладка Захвата инициализирована
2026-05-23 23:54:21 [INFO] Вкладка Разведки инициализирована
2026-05-23 23:54:21 [INFO] Вкладка Telegram инициализирована
2026-05-23 23:56:08 [INFO] Приложение запущено
2026-05-23 23:56:09 [INFO] Вкладка Атаки v3.0 инициализирована
2026-05-23 23:56:09 [INFO] Вкладка Захвата инициализирована
2026-05-23 23:56:09 [INFO] Вкладка Разведки инициализирована
2026-05-23 23:56:09 [INFO] Вкладка Telegram инициализирована
2026-05-23 23:59:02 [INFO] Приложение запущено
2026-05-23 23:59:02 [INFO] Вкладка Атаки v3.0 инициализирована
2026-05-23 23:59:02 [INFO] Вкладка Захвата инициализирована
2026-05-23 23:59:02 [INFO] Вкладка Разведки инициализирована
2026-05-23 23:59:02 [INFO] Вкладка Telegram инициализирована
2026-05-24 00:03:45 [INFO] Приложение запущено
2026-05-24 00:03:45 [INFO] Вкладка Атаки v3.0 инициализирована
2026-05-24 00:03:45 [INFO] Вкладка Захвата инициализирована
2026-05-24 00:03:45 [INFO] Вкладка Разведки инициализирована
2026-05-24 00:03:45 [INFO] Вкладка Telegram инициализирована
2026-05-24 00:13:58 [INFO] Приложение завершает работу
2026-05-24 00:14:55 [INFO] Приложение запущено
2026-05-24 00:14:56 [INFO] Вкладка Атаки v3.0 инициализирована
2026-05-24 00:14:56 [INFO] Вкладка Захвата инициализирована
2026-05-24 00:14:56 [INFO] Вкладка Разведки инициализирована
2026-05-24 00:14:56 [INFO] Вкладка Telegram инициализирована
2026-05-24 00:19:25 [INFO] Приложение запущено
2026-05-24 00:19:25 [INFO] Вкладка Атаки v3.0 инициализирована
2026-05-24 00:19:25 [INFO] Вкладка Захвата инициализирована
2026-05-24 00:19:25 [INFO] Вкладка Разведки инициализирована
2026-05-24 00:19:25 [INFO] Вкладка Telegram инициализирована
2026-05-24 00:23:00 [INFO] Приложение завершает работу
2026-05-24 00:49:19 [INFO] Приложение запущено
2026-05-24 00:49:19 [INFO] Вкладка Атаки v3.0 инициализирована
2026-05-24 00:49:19 [INFO] Вкладка Захвата инициализирована
2026-05-24 00:49:19 [INFO] Вкладка Разведки инициализирована
2026-05-24 00:49:19 [INFO] Вкладка Telegram инициализирована
2026-05-24 00:51:12 [INFO] Приложение завершает работу
2026-05-24 01:04:03 [INFO] Приложение запущено
2026-05-24 01:04:03 [INFO] Вкладка Атаки v3.0 инициализирована
2026-05-24 01:04:04 [INFO] Вкладка Захвата инициализирована
2026-05-24 01:04:04 [INFO] Вкладка Разведки инициализирована
2026-05-24 01:04:04 [INFO] Вкладка Telegram инициализирована
2026-05-24 01:08:31 [INFO] Приложение запущено
2026-05-24 01:08:31 [INFO] Вкладка Атаки v3.0 инициализирована
2026-05-24 01:08:31 [INFO] Вкладка Захвата инициализирована
2026-05-24 01:08:31 [INFO] Вкладка Разведки инициализирована
2026-05-24 01:08:31 [INFO] Вкладка Telegram инициализирована
2026-05-24 01:15:33 [INFO] Приложение завершает работу
2026-05-24 02:02:37 [INFO] Приложение запущено
2026-05-24 02:02:37 [INFO] Вкладка Атаки v3.0 инициализирована
2026-05-24 02:02:37 [INFO] Вкладка Захвата инициализирована
2026-05-24 02:02:37 [INFO] Вкладка Разведки инициализирована
2026-05-24 02:02:37 [INFO] Вкладка Telegram инициализирована
2026-05-24 02:11:07 [INFO] Приложение завершает работу
2026-05-24 02:11:18 [INFO] Приложение запущено
2026-05-24 02:11:18 [INFO] Вкладка Атаки v3.0 инициализирована
2026-05-24 02:11:19 [INFO] Вкладка Захвата инициализирована
2026-05-24 02:11:19 [INFO] Вкладка Разведки инициализирована
2026-05-24 02:11:19 [INFO] Вкладка Telegram инициализирована
2026-05-24 02:27:47 [INFO] Приложение завершает работу
2026-05-24 02:29:14 [INFO] Приложение запущено
2026-05-24 02:29:14 [INFO] Вкладка Атаки v3.0 инициализирована
2026-05-24 02:29:15 [INFO] Вкладка Захвата инициализирована
2026-05-24 02:29:15 [INFO] Вкладка Разведки инициализирована
2026-05-24 02:29:15 [INFO] Вкладка Telegram инициализирована
2026-05-24 02:37:19 [INFO] Приложение запущено
2026-05-24 02:37:20 [INFO] Вкладка Атаки v3.0 инициализирована
2026-05-24 02:37:20 [INFO] Вкладка Захвата инициализирована
2026-05-24 02:37:20 [INFO] Вкладка Разведки инициализирована
2026-05-24 02:37:20 [INFO] Вкладка Telegram инициализирована
2026-05-24 02:38:17 [INFO] Приложение завершает работу
2026-05-24 02:38:20 [INFO] Приложение завершает работу
2026-05-24 02:55:42 [INFO] Приложение запущено
2026-05-24 02:55:43 [INFO] Вкладка Атаки v3.0 инициализирована
2026-05-24 02:55:43 [INFO] Вкладка Захвата инициализирована
2026-05-24 02:55:43 [INFO] Вкладка Разведки инициализирована
2026-05-24 02:55:43 [INFO] Вкладка Telegram инициализирована
2026-05-24 02:58:57 [INFO] Приложение завершает работу
2026-05-24 02:59:29 [INFO] Приложение запущено
2026-05-24 02:59:30 [INFO] Вкладка Атаки v3.0 инициализирована
2026-05-24 02:59:30 [INFO] Вкладка Захвата инициализирована
2026-05-24 02:59:30 [INFO] Вкладка Разведки инициализирована
2026-05-24 02:59:30 [INFO] Вкладка Telegram инициализирована
2026-05-24 03:02:17 [INFO] Приложение запущено
2026-05-24 03:02:17 [INFO] Вкладка Атаки v3.0 инициализирована
2026-05-24 03:02:17 [INFO] Вкладка Захвата инициализирована
2026-05-24 03:02:18 [INFO] Вкладка Разведки инициализирована
2026-05-24 03:02:18 [INFO] Вкладка Telegram инициализирована
2026-05-24 03:10:43 [INFO] Приложение завершает работу
2026-05-24 03:14:01 [INFO] Приложение запущено
2026-05-24 03:14:01 [INFO] Вкладка Атаки v3.0 инициализирована
2026-05-24 03:14:02 [INFO] Вкладка Захвата инициализирована
2026-05-24 03:14:02 [INFO] Вкладка Разведки инициализирована
2026-05-24 03:14:02 [INFO] Вкладка Telegram инициализирована
2026-05-24 03:36:02 [INFO] Приложение завершает работу
2026-05-24 03:36:11 [INFO] Приложение запущено
2026-05-24 03:36:12 [INFO] Вкладка Атаки v3.0 инициализирована
2026-05-24 03:36:12 [INFO] Вкладка Захвата инициализирована
2026-05-24 03:36:12 [INFO] Вкладка Разведки инициализирована
2026-05-24 03:36:12 [INFO] Вкладка Telegram инициализирована
2026-05-24 03:38:37 [INFO] Приложение завершает работу
2026-05-24 03:51:29 [INFO] Приложение запущено
2026-05-24 03:51:29 [INFO] Вкладка Атаки v3.0 инициализирована
2026-05-24 03:51:29 [INFO] Вкладка Захвата инициализирована
2026-05-24 03:51:29 [INFO] Вкладка Разведки инициализирована
2026-05-24 03:51:29 [INFO] Вкладка Telegram инициализирована
2026-05-24 03:57:25 [INFO] Приложение завершает работу
2026-05-24 04:05:39 [INFO] Приложение запущено
2026-05-24 04:05:39 [INFO] Вкладка Атаки v3.0 инициализирована
2026-05-24 04:05:39 [INFO] Вкладка Захвата инициализирована
2026-05-24 04:05:39 [INFO] Вкладка Разведки инициализирована
2026-05-24 04:05:39 [INFO] Вкладка Telegram инициализирована
2026-05-24 04:11:15 [INFO] Приложение запущено
2026-05-24 04:11:16 [INFO] Вкладка Атаки v3.0 инициализирована
2026-05-24 04:11:16 [INFO] Вкладка Захвата инициализирована
2026-05-24 04:11:16 [INFO] Вкладка Разведки инициализирована
2026-05-24 04:11:16 [INFO] Вкладка Telegram инициализирована
2026-05-24 04:34:02 [INFO] Приложение завершает работу
2026-05-24 04:36:02 [INFO] Приложение запущено
2026-05-24 04:36:02 [INFO] Вкладка Атаки v3.0 инициализирована
2026-05-24 04:36:02 [INFO] Вкладка Захвата инициализирована
2026-05-24 04:36:02 [INFO] Вкладка Разведки инициализирована
2026-05-24 04:36:02 [INFO] Вкладка Telegram инициализирована
2026-05-24 04:39:55 [INFO] Приложение завершает работу
2026-05-24 04:40:03 [INFO] Приложение запущено
2026-05-24 04:40:04 [INFO] Вкладка Атаки v3.0 инициализирована
2026-05-24 04:40:04 [INFO] Вкладка Захвата инициализирована
2026-05-24 04:40:04 [INFO] Вкладка Разведки инициализирована
2026-05-24 04:40:04 [INFO] Вкладка Telegram инициализирована
2026-05-24 04:44:25 [INFO] Приложение завершает работу
2026-05-24 04:44:37 [INFO] Приложение запущено
2026-05-24 04:44:38 [INFO] Вкладка Атаки v3.0 инициализирована
2026-05-24 04:44:38 [INFO] Вкладка Захвата инициализирована
2026-05-24 04:44:38 [INFO] Вкладка Разведки инициализирована
2026-05-24 04:44:38 [INFO] Вкладка Telegram инициализирована
2026-05-24 04:48:12 [INFO] Приложение запущено
2026-05-24 04:48:13 [INFO] Вкладка Атаки v3.0 инициализирована
2026-05-24 04:48:13 [INFO] Вкладка Захвата инициализирована
2026-05-24 04:48:13 [INFO] Вкладка Разведки инициализирована
2026-05-24 04:48:13 [INFO] Вкладка Telegram инициализирована
2026-05-24 04:58:00 [INFO] Приложение запущено
2026-05-24 04:58:01 [INFO] Вкладка Атаки v3.0 инициализирована
2026-05-24 04:58:01 [INFO] Вкладка Захвата инициализирована
2026-05-24 04:58:01 [INFO] Вкладка Разведки инициализирована
2026-05-24 04:58:01 [INFO] Вкладка Telegram инициализирована
2026-05-24 05:05:33 [INFO] Приложение запущено
2026-05-24 05:05:34 [INFO] Вкладка Атаки v3.0 инициализирована
2026-05-24 05:05:34 [INFO] Вкладка Захвата инициализирована
2026-05-24 05:05:34 [INFO] Вкладка Разведки инициализирована
2026-05-24 05:05:34 [INFO] Вкладка Telegram инициализирована
2026-05-24 05:13:28 [INFO] Приложение запущено
2026-05-24 05:13:28 [INFO] Вкладка Атаки v3.0 инициализирована
2026-05-24 05:13:29 [INFO] Вкладка Захвата инициализирована
2026-05-24 05:13:29 [INFO] Вкладка Разведки инициализирована
2026-05-24 05:13:29 [INFO] Вкладка Telegram инициализирована
2026-05-24 13:32:50 [INFO] Приложение запущено
2026-05-24 13:32:50 [INFO] Вкладка Атаки v3.0 инициализирована
2026-05-24 13:32:50 [INFO] Вкладка Захвата инициализирована
2026-05-24 13:32:50 [INFO] Вкладка Разведки инициализирована
2026-05-24 13:32:50 [INFO] Вкладка Telegram инициализирована
2026-05-24 13:43:05 [INFO] Приложение запущено
2026-05-24 13:43:06 [INFO] Вкладка Атаки v3.0 инициализирована
2026-05-24 13:43:06 [INFO] Вкладка Захвата инициализирована
2026-05-24 13:43:06 [INFO] Вкладка Разведки инициализирована
2026-05-24 13:43:06 [INFO] Вкладка Telegram инициализирована
2026-05-24 13:50:11 [INFO] Приложение запущено
2026-05-24 13:50:12 [INFO] Вкладка Атаки v3.0 инициализирована
2026-05-24 13:50:12 [INFO] Вкладка Захвата инициализирована
2026-05-24 13:50:12 [INFO] Вкладка Разведки инициализирована
2026-05-24 13:50:12 [INFO] Вкладка Telegram инициализирована
2026-05-24 14:05:25 [INFO] Приложение завершает работу
2026-05-24 14:23:16 [INFO] Приложение запущено
2026-05-24 14:23:17 [INFO] Вкладка Атаки v3.0 инициализирована
2026-05-24 14:23:17 [INFO] Вкладка Захвата инициализирована
2026-05-24 14:23:17 [INFO] Вкладка Разведки инициализирована
2026-05-24 14:23:17 [INFO] Вкладка Telegram инициализирована
2026-05-24 17:25:31 [INFO] Приложение запущено
2026-05-24 17:25:31 [INFO] Вкладка Атаки v3.0 инициализирована
2026-05-24 17:25:31 [INFO] Вкладка Захвата инициализирована
2026-05-24 17:25:31 [INFO] Вкладка Разведки инициализирована
2026-05-24 17:25:31 [INFO] Вкладка Telegram инициализирована
2026-05-24 17:26:58 [INFO] Приложение завершает работу
2026-05-24 17:27:16 [INFO] Приложение запущено
2026-05-24 17:27:16 [INFO] Вкладка Атаки v3.0 инициализирована
2026-05-24 17:27:16 [INFO] Вкладка Захвата инициализирована
2026-05-24 17:27:16 [INFO] Вкладка Разведки инициализирована
2026-05-24 17:27:16 [INFO] Вкладка Telegram инициализирована
2026-05-24 17:35:56 [INFO] Приложение запущено
2026-05-24 17:35:56 [INFO] Вкладка Атаки v3.0 инициализирована
2026-05-24 17:35:56 [INFO] Вкладка Захвата инициализирована
2026-05-24 17:35:56 [INFO] Вкладка Разведки инициализирована
2026-05-24 17:35:56 [INFO] Вкладка Telegram инициализирована
2026-05-24 17:37:59 [INFO] Приложение завершает работу
2026-05-24 17:41:25 [INFO] Приложение запущено
2026-05-24 17:41:26 [INFO] Вкладка Атаки v3.0 инициализирована
2026-05-24 17:41:26 [INFO] Вкладка Захвата инициализирована
2026-05-24 17:41:26 [INFO] Вкладка Разведки инициализирована
2026-05-24 17:41:26 [INFO] Вкладка Telegram инициализирована
2026-05-24 17:47:59 [INFO] Приложение запущено
2026-05-24 17:47:59 [INFO] Вкладка Атаки v3.0 инициализирована
2026-05-24 17:48:00 [INFO] Вкладка Захвата инициализирована
2026-05-24 17:48:00 [INFO] Вкладка Разведки инициализирована
2026-05-24 17:48:00 [INFO] Вкладка Telegram инициализирована
2026-05-24 17:50:53 [INFO] Приложение завершает работу
2026-05-24 20:57:21 [INFO] Приложение запущено
2026-05-24 20:57:22 [INFO] Вкладка Атаки v3.0 инициализирована
2026-05-24 20:57:22 [INFO] Вкладка Захвата инициализирована
2026-05-24 20:57:22 [INFO] Вкладка Разведки инициализирована
2026-05-24 20:57:22 [INFO] Вкладка Telegram инициализирована
2026-05-24 21:20:03 [INFO] Приложение запущено
2026-05-24 21:20:04 [INFO] Вкладка Атаки v3.0 инициализирована
2026-05-24 21:20:04 [INFO] Вкладка Захвата инициализирована
2026-05-24 21:20:04 [INFO] Вкладка Разведки инициализирована
2026-05-24 21:20:04 [INFO] Вкладка Telegram инициализирована
2026-05-24 21:28:08 [INFO] Приложение запущено
2026-05-24 21:28:09 [INFO] Вкладка Атаки v3.0 инициализирована
2026-05-24 21:28:09 [INFO] Вкладка Захвата инициализирована
2026-05-24 21:28:09 [INFO] Вкладка Разведки инициализирована
2026-05-24 21:28:09 [INFO] Вкладка Telegram инициализирована
2026-05-24 21:32:21 [INFO] Приложение завершает работу
2026-05-24 21:34:48 [INFO] Приложение запущено
2026-05-24 21:34:49 [INFO] Вкладка Атаки v3.0 инициализирована
2026-05-24 21:34:49 [INFO] Вкладка Захвата инициализирована
2026-05-24 21:34:49 [INFO] Вкладка Разведки инициализирована
2026-05-24 21:34:49 [INFO] Вкладка Telegram инициализирована
2026-05-24 21:40:28 [INFO] Приложение завершает работу
2026-05-24 21:54:29 [INFO] Приложение запущено
2026-05-24 21:54:29 [INFO] Вкладка Атаки v3.0 инициализирована
2026-05-24 21:54:30 [INFO] Вкладка Захвата инициализирована
2026-05-24 21:54:30 [INFO] Вкладка Разведки инициализирована
2026-05-24 21:54:30 [INFO] Вкладка Telegram инициализирована
2026-05-24 22:01:02 [INFO] Приложение запущено
2026-05-24 22:01:02 [INFO] Вкладка Атаки v3.0 инициализирована
2026-05-24 22:01:03 [INFO] Вкладка Захвата инициализирована
2026-05-24 22:01:03 [INFO] Вкладка Разведки инициализирована
2026-05-24 22:01:03 [INFO] Вкладка Telegram инициализирована
2026-05-24 22:06:20 [INFO] Приложение запущено
2026-05-24 22:06:21 [INFO] Вкладка Атаки v3.0 инициализирована
2026-05-24 22:06:21 [INFO] Вкладка Захвата инициализирована
2026-05-24 22:06:21 [INFO] Вкладка Разведки инициализирована
2026-05-24 22:06:21 [INFO] Вкладка Telegram инициализирована
2026-05-24 22:13:45 [INFO] Приложение завершает работу
2026-05-24 22:13:55 [INFO] Приложение запущено
2026-05-24 22:13:55 [INFO] Вкладка Атаки v3.0 инициализирована
2026-05-24 22:13:56 [INFO] Вкладка Захвата инициализирована
2026-05-24 22:13:56 [INFO] Вкладка Разведки инициализирована
2026-05-24 22:13:56 [INFO] Вкладка Telegram инициализирована
2026-05-24 22:18:24 [INFO] Приложение завершает работу
2026-05-24 22:31:18 [INFO] Приложение запущено
2026-05-24 22:31:18 [INFO] Вкладка Атаки v3.0 инициализирована
2026-05-24 22:31:18 [INFO] Вкладка Захвата инициализирована
2026-05-24 22:31:18 [INFO] Вкладка Разведки инициализирована
2026-05-24 22:31:18 [INFO] Вкладка Telegram инициализирована
2026-05-24 22:34:09 [INFO] Приложение завершает работу
2026-05-24 22:37:42 [INFO] Приложение запущено
2026-05-24 22:37:43 [INFO] Вкладка Атаки v3.0 инициализирована
2026-05-24 22:37:43 [INFO] Вкладка Захвата инициализирована
2026-05-24 22:37:43 [INFO] Вкладка Разведки инициализирована
2026-05-24 22:37:43 [INFO] Вкладка Telegram инициализирована
2026-05-24 22:39:29 [INFO] Приложение завершает работу
2026-05-24 22:41:33 [INFO] Приложение запущено
2026-05-24 22:41:33 [INFO] Вкладка Атаки v3.0 инициализирована
2026-05-24 22:41:34 [INFO] Вкладка Захвата инициализирована
2026-05-24 22:41:34 [INFO] Вкладка Разведки инициализирована
2026-05-24 22:41:34 [INFO] Вкладка Telegram инициализирована
2026-05-24 22:55:51 [INFO] Приложение запущено
2026-05-24 22:55:51 [INFO] Вкладка Атаки v3.0 инициализирована
2026-05-24 22:55:51 [INFO] Вкладка Захвата инициализирована
2026-05-24 22:55:51 [INFO] Вкладка Разведки инициализирована
2026-05-24 22:55:51 [INFO] Вкладка Telegram инициализирована
2026-05-24 23:28:01 [INFO] Приложение завершает работу
2026-05-25 01:09:29 [INFO] Приложение запущено
2026-05-25 01:09:29 [INFO] Вкладка Атаки v3.0 инициализирована
2026-05-25 01:09:29 [INFO] Вкладка Захвата инициализирована
2026-05-25 01:09:29 [INFO] Вкладка Разведки инициализирована
2026-05-25 01:09:29 [INFO] Вкладка Telegram инициализирована
2026-05-25 01:09:35 [INFO] Приложение завершает работу
2026-05-25 01:19:33 [INFO] Приложение запущено
2026-05-25 01:19:33 [INFO] Вкладка Атаки v3.0 инициализирована
2026-05-25 01:19:33 [INFO] Вкладка Захвата инициализирована
2026-05-25 01:19:33 [INFO] Вкладка Разведки инициализирована
2026-05-25 01:19:33 [INFO] Вкладка Telegram инициализирована
2026-05-25 01:19:58 [INFO] Приложение завершает работу
